<?xml version="1.0" encoding="UTF-8"?>
<testsuite xmlns:xsi="http://www.w3.org/2001/XMLSchema-instance" xsi:noNamespaceSchemaLocation="https://maven.apache.org/surefire/maven-surefire-plugin/xsd/surefire-test-report-3.0.xsd" version="3.0" name="TestExamples.FirstTest" time="3.467" tests="1" errors="0" skipped="0" failures="0">
  <properties>
[...]
</properties>
  <testcase name="test1" classname="TestExamples.FirstTest" time="2.63">
    <system-out><![CDATA[200
1783
io.restassured.internal.RestAssuredResponseImpl@30c1da48
]]></system-out>
  </testcase>
</testsuite>