<?xml version="1.0" encoding="UTF-8"?>
<testng-results ignored="0" total="1" passed="1" failed="0" skipped="0">
  <reporter-output>
  </reporter-output>
  <suite started-at="2024-01-02T15:29:45 IST" name="Surefire suite" finished-at="2024-01-02T15:29:47 IST" duration-ms="2658">
    <groups>
    </groups>
    <test started-at="2024-01-02T15:29:45 IST" name="Surefire test" finished-at="2024-01-02T15:29:47 IST" duration-ms="2658">
      <class name="TestExamples.FirstTest">
        <test-method signature="test1()[pri:0, instance:TestExamples.FirstTest@2f01783a]" started-at="2024-01-02T15:29:45 IST" name="test1" finished-at="2024-01-02T15:29:47 IST" duration-ms="2624" status="PASS">
          <reporter-output>
          </reporter-output>
        </test-method> <!-- test1 -->
      </class> <!-- TestExamples.FirstTest -->
    </test> <!-- Surefire test -->
  </suite> <!-- Surefire suite -->
</testng-results>
